

HI-TECH Software 8051 Macro Assembler V9.60                                Page 1
                                                       Tue May 24 11:29:41 2022

     1                           	psect	idata,class=DATA,space=1,limit=080h
     2                           	psect	irdata,class=DATA,limit=080h
     3                           	global	_tput
     4                           	signat	_tput,4216
     5                           	global	stack_internal
     6                           	psect	text,class=CODE
     7                           	psect	text
     8                           	file	"G:\3йспя~1\6яелея~1\жсхл\6опюйр~1\1254\оп
                                 нейр1\main.c"
     9                           	line	4
    10  00003                     _tput:
    11  00003  80 10              	j	f1411
    12  00005                     f1410:
    13                           ;main.c: 3: void tput(unsigned char c1)
    14                           
    15                           ;main.c: 4: {
    16                           
    17                           ;main.c: 5: SBUF = c1;
    18                           
    19                           	line	5
    20  00005  8D 99              	mov	099h,r5
    21                           ;main.c: 6: while(!TI);
    22                           
    23                           ;	var   _c1 assigned to ?a_tput+0
    24                           ;_c1 stored from r5
    25                           	line	6
    26  00007  8D 2E              	mov	?a_tput+0,r5
    27  00009  80 00              	jmp	l3
    28  0000B                     l4:
    29  0000B                     l3:
    30  0000B  30 99 02           	bnb	scon.1, u11
    31  0000E  80 02              	jmp	u10
    32  00010                     u11:
    33  00010  80 F9              	jmp	l4
    34  00012                     u10:
    35  00012                     l5:
    36                           ;main.c: 7: TI = 0;
    37                           
    38                           	line	7
    39  00012  C2 99              	clr	scon.1
    40                           ;main.c: 8: }
    41                           
    42                           	line	8
    43  00014                     l2:
    44  00014  22                 	ret
    45  00015                     f1411:
    46  00015  80 EE              	j	f1410
    47                           	FNSIZE	_tput,1,0
    48                           	global	?a_tput
    49  0000                     f1412	equ	0
    50                           	global	_main
    51                           	signat	_main,88
    52                           	line	10
    53  00017                     _main:
    54  00017  80 60              	j	f1421
    55  00019                     f1420:
    56                           ;main.c: 9: void main()
    57                           
    58                           ;main.c: 10: {
    59                           
    60                           ;	var   _z assigned to ?a_main+0
    61                           ;	var   _i assigned to ?a_main+1
    62                           	psect	data,class=CODE
    63                           	psect	data
    64  00100                     F160:
    65  00100  48                 	db	(72)
    66  00101  69                 	db	(105)
    67  00102  20                 	db	(32)
    68  00103  6D                 	db	(109)
    69  00104  79                 	db	(121)
    70  00105  6E                 	db	(110)
    71  00106  61                 	db	(97)
    72  00107  6D                 	db	(109)
    73  00108  65                 	db	(101)
    74  00109  69                 	db	(105)
    75  0010A  73                 	db	(115)
    76                           ;	var   _src assigned to ?a_main+3
    77                           ;main.c: 11: char z;
    78                           
    79                           ;main.c: 12: int i;
    80                           
    81                           ;main.c: 14: unsigned char src[]={'H','i',' ','m
                                 ','y','n','a','m','e','i','s'};
    82                           
    83                           	psect	text
    84                           	line	14
    85  00019  78 01              	mov	r0,#high (F160)
    86  0001B  79 00              	mov	r1,#low (F160)
    87  0001D  7A 00              	mov	r2,#high (?a_main+3)
    88  0001F  7B 23              	mov	r3,#low (?a_main+3)
    89  00021  7D 0B              	mov	r5,#low 11
    90  00023  7C 00              	mov	r4,#high 11
    91                           	global	str_copy
    92  00025  12 0091            	lcall	str_copy
    93                           ;main.c: 16: PCON = 0x00;
    94                           
    95                           	line	16
    96  00028  75 87 00           	mov	087h,#0
    97                           ;main.c: 17: TMOD = 0x20;
    98                           
    99                           	line	17
   100  0002B  75 89 20           	mov	089h,#32
   101                           ;main.c: 18: TR1 = 1;
   102                           
   103                           	line	18
   104  0002E  D2 8E              	setb	tcon.6
   105                           ;main.c: 19: TH1 = -3;
   106                           
   107                           	line	19
   108  00030  75 8D FD           	mov	08Dh,#253
   109                           ;main.c: 20: for(i=0; i<11; i++)
   110                           
   111                           	line	20
   112  00033  E4                 	clr	a
   113  00034  F5 21              	mov	?a_main+1,a
   114  00036  F5 22              	mov	?a_main+1+1,a
   115  00038  E5 22              	mov	a,?a_main+1+1
   116  0003A  24 F5              	add	a,#low -(11)
   117  0003C  E5 21              	mov	a,?a_main+1
   118  0003E  64 80              	xrl	a,#80h
   119  00040  34 7F              	addc	a,#(high -(11))xor 80h
   120  00042  50 02              	bnc	u21
   121  00044  80 02              	jmp	u20
   122  00046                     u21:
   123  00046  80 02              	jmp	l8
   124  00048                     u20:
   125  00048  80 2C              	jmp	l9
   126                           	line	21
   127  0004A                     l8:
   128                           ;main.c: 21: {
   129                           
   130                           ;main.c: 22: ACC = src[i];
   131                           
   132                           	line	22
   133  0004A  74 23              	mov	a,#?a_main+3
   134  0004C  25 22              	add	a,?a_main+1+1
   135  0004E  F9                 	mov	r1,a
   136  0004F  87 E0              	mov	0E0h,@r1
   137                           ;main.c: 23: SCON = 0x50;
   138                           
   139                           	line	23
   140  00051  75 98 50           	mov	098h,#80
   141                           ;main.c: 25: tput (src[i]);
   142                           
   143                           	FNCALL	_main,_tput
   144                           	line	25
   145  00054  74 23              	mov	a,#?a_main+3
   146  00056  25 22              	add	a,?a_main+1+1
   147  00058  F9                 	mov	r1,a
   148  00059  87 05              	mov	5+0,@r1
   149  0005B  12 0003            	lcall	_tput
   150                           
   151                           	line	20
   152  0005E  05 22              	inc	?a_main+1+1
   153  00060  E5 22              	mov	a,?a_main+1+1
   154  00062  70 02              	jnz	u30
   155  00064  05 21              	inc	?a_main+1
   156  00066                     u30:
   157  00066  E5 22              	mov	a,?a_main+1+1
   158  00068  24 F5              	add	a,#low -(11)
   159  0006A  E5 21              	mov	a,?a_main+1
   160  0006C  64 80              	xrl	a,#80h
   161  0006E  34 7F              	addc	a,#(high -(11))xor 80h
   162  00070  50 02              	bnc	u41
   163  00072  80 02              	jmp	u40
   164  00074                     u41:
   165  00074  80 D4              	jmp	l8
   166  00076                     u40:
   167  00076                     l9:
   168                           ;main.c: 26: }
   169                           
   170                           ;main.c: 27: while(1){}
   171                           
   172                           	line	27
   173  00076                     l12:
   174  00076                     l11:
   175  00076  80 FE              	jmp	l12
   176  00078                     l13:
   177                           ;main.c: 28: }
   178                           
   179                           	line	28
   180  00078                     l7:
   181  00078  22                 	ret
   182  00079                     f1421:
   183  00079  80 9E              	j	f1420
   184                           	FNSIZE	_main,14,0
   185                           	global	?a_main
   186  0000                     f1422	equ	0
   187  0000                     _A10	equ	162
   188  0000                     _A11	equ	163
   189  0000                     _A12	equ	164
   190  0000                     _A13	equ	165
   191  0000                     _A14	equ	166
   192  0000                     _A15	equ	167
   193  0000                     _A8	equ	160
   194  0000                     _A9	equ	161
   195  0000                     _AC	equ	214
   196  0000                     _ACC0	equ	224
   197  0000                     _ACC1	equ	225
   198  0000                     _ACC2	equ	226
   199  0000                     _ACC3	equ	227
   200  0000                     _ACC4	equ	228
   201  0000                     _ACC5	equ	229
   202  0000                     _ACC6	equ	230
   203  0000                     _ACC7	equ	231
   204  0000                     _AD0	equ	128
   205  0000                     _AD1	equ	129
   206  0000                     _AD2	equ	130
   207  0000                     _AD3	equ	131
   208  0000                     _AD4	equ	132
   209  0000                     _AD5	equ	133
   210  0000                     _AD6	equ	134
   211  0000                     _AD7	equ	135
   212  0000                     _B0	equ	240
   213  0000                     _B1	equ	241
   214  0000                     _B2	equ	242
   215  0000                     _B3	equ	243
   216  0000                     _B4	equ	244
   217  0000                     _B5	equ	245
   218  0000                     _B6	equ	246
   219  0000                     _B7	equ	247
   220  0000                     _CY	equ	215
   221  0000                     _EA	equ	175
   222  0000                     _ES	equ	172
   223  0000                     _ET0	equ	169
   224  0000                     _ET1	equ	171
   225  0000                     _EX0	equ	168
   226  0000                     _EX1	equ	170
   227  0000                     _F0	equ	213
   228  0000                     _IE0	equ	137
   229  0000                     _IE1	equ	139
   230  0000                     _INT0	equ	178
   231  0000                     _INT1	equ	179
   232  0000                     _IT0	equ	136
   233  0000                     _IT1	equ	138
   234  0000                     _OV	equ	210
   235  0000                     _P	equ	208
   236  0000                     _P00	equ	128
   237  0000                     _P01	equ	129
   238  0000                     _P02	equ	130
   239  0000                     _P03	equ	131
   240  0000                     _P04	equ	132
   241  0000                     _P05	equ	133
   242  0000                     _P06	equ	134
   243  0000                     _P07	equ	135
   244  0000                     _P10	equ	144
   245  0000                     _P11	equ	145
   246  0000                     _P12	equ	146
   247  0000                     _P13	equ	147
   248  0000                     _P14	equ	148
   249  0000                     _P15	equ	149
   250  0000                     _P16	equ	150
   251  0000                     _P17	equ	151
   252  0000                     _P20	equ	160
   253  0000                     _P21	equ	161
   254  0000                     _P22	equ	162
   255  0000                     _P23	equ	163
   256  0000                     _P24	equ	164
   257  0000                     _P25	equ	165
   258  0000                     _P26	equ	166
   259  0000                     _P27	equ	167
   260  0000                     _P30	equ	176
   261  0000                     _P31	equ	177
   262  0000                     _P32	equ	178
   263  0000                     _P33	equ	179
   264  0000                     _P34	equ	180
   265  0000                     _P35	equ	181
   266  0000                     _P36	equ	182
   267  0000                     _P37	equ	183
   268  0000                     _PS	equ	188
   269  0000                     _PT0	equ	185
   270  0000                     _PT1	equ	187
   271  0000                     _PX0	equ	184
   272  0000                     _PX1	equ	186
   273  0000                     _RB8	equ	154
   274  0000                     _RD	equ	183
   275  0000                     _REN	equ	156
   276  0000                     _RI	equ	152
   277  0000                     _RS0	equ	211
   278  0000                     _RS1	equ	212
   279  0000                     _RXD	equ	176
   280  0000                     _SM0	equ	159
   281  0000                     _SM1	equ	158
   282  0000                     _SM2	equ	157
   283  0000                     _T0	equ	180
   284  0000                     _T1	equ	181
   285  0000                     _TB8	equ	155
   286  0000                     _TF0	equ	141
   287  0000                     _TF1	equ	143
   288  0000                     _TI	equ	153
   289  0000                     _TR0	equ	140
   290  0000                     _TR1	equ	142
   291  0000                     _TXD	equ	177
   292  0000                     _WR	equ	182
   293  0000                     _ACC	equ	224
   294  0000                     _B	equ	240
   295  0000                     _DPH	equ	131
   296  0000                     _DPL	equ	130
   297  0000                     _IE	equ	168
   298  0000                     _IP	equ	184
   299  0000                     _P0	equ	128
   300  0000                     _P1	equ	144
   301  0000                     _P2	equ	160
   302  0000                     _P3	equ	176
   303  0000                     _PCON	equ	135
   304  0000                     _PSW	equ	208
   305  0000                     _SBUF	equ	153
   306  0000                     _SCON	equ	152
   307  0000                     _SP	equ	129
   308  0000                     _TCON	equ	136
   309  0000                     _TH0	equ	140
   310  0000                     _TH1	equ	141
   311  0000                     _TL0	equ	138
   312  0000                     _TL1	equ	139
   313  0000                     _TMOD	equ	137
   314  0000                     _ACC_BITS	equ	224
   315  0000                     _B_BITS	equ	240
   316  0000                     _IE_BITS	equ	168
   317  0000                     _IP_BITS	equ	184
   318  0000                     _P0_BITS	equ	128
   319  0000                     _P1_BITS	equ	144
   320  0000                     _P2_BITS	equ	160
   321  0000                     _P3_BITS	equ	176
   322  0000                     _PCON_BITS	equ	135
   323  0000                     _PSW_BITS	equ	208
   324  0000                     _SCON_BITS	equ	152
   325  0000                     _TCON_BITS	equ	136
   326  0000                     _TMOD_BITS	equ	137


HI-TECH Software 8051 Macro Assembler V9.60                                Page 2
Symbol Table                                           Tue May 24 11:29:41 2022

       ?a_main 00020              _B 000F0              l2 00014  
            l3 0000B              l4 0000B              l5 00012  
            _P 000D0              l7 00078              l8 0004A  
            l9 00076         ?a_tput 0002E             _B0 000F0  
           _B1 000F1             _B2 000F2             _B3 000F3  
           _B4 000F4             _B5 000F5             _B6 000F6  
           _A8 000A0             _B7 000F7             _A9 000A1  
           _F0 000D5             _AC 000D6             l11 00076  
           l12 00076             l13 00078             _EA 000AF  
           _P0 00080             _P1 00090             _P2 000A0  
           _P3 000B0             _IE 000A8             _T0 000B4  
           _T1 000B5             _ES 000AC             _CY 000D7  
           _IP 000B8             _RD 000B7             u10 00012  
           u11 00010             u20 00048             _RI 00098  
           u21 00046             u30 00066             u40 00076  
           _TI 00099             u41 00074             _PS 000BC  
           _OV 000D2             _SP 00081             _WR 000B6  
       _B_BITS 000F0            F160 00100            _A10 000A2  
          _A11 000A3            _A12 000A4            _A13 000A5  
          _A14 000A6            _A15 000A7            _AD0 00080  
          _AD1 00081            _AD2 00082            _AD3 00083  
          _AD4 00084            _AD5 00085            _AD6 00086  
          _AD7 00087            _ACC 000E0            _P00 00080  
          _P01 00081            _P10 00090            _P02 00082  
          _P11 00091            _P03 00083            _P20 000A0  
          _P12 00092            _P04 00084            _P21 000A1  
          _P13 00093            _P05 00085            _P30 000B0  
          _P22 000A2            _P14 00094            _P06 00086  
          _P31 000B1            _P23 000A3            _P15 00095  
          _P07 00087            _P32 000B2            _P24 000A4  
          _P16 00096            _P33 000B3            _P25 000A5  
          _P17 00097            _P34 000B4            _P26 000A6  
          _P35 000B5            _P27 000A7            _P36 000B6  
          _P37 000B7            _IE0 00089            _IE1 0008B  
          _ET0 000A9            _ET1 000AB            _EX0 000A8  
          _EX1 000AA            _DPH 00083            _DPL 00082  
          _IT0 00088            _IT1 0008A            _RB8 0009A  
          _TF0 0008D            _TB8 0009B            _TF1 0008F  
          _TH0 0008C            _TH1 0008D            _SM0 0009F  
          _SM1 0009E            _TL0 0008A            _SM2 0009D  
          _PT0 000B9            _TL1 0008B            _PT1 000BB  
          _RS0 000D3            _RS1 000D4            _REN 0009C  
          _PX0 000B8            _PX1 000BA            _TR0 0008C  
          _TR1 0008E            _RXD 000B0            _PSW 000D0  
          _TXD 000B1        _P0_BITS 00080        _P1_BITS 00090  
      _P2_BITS 000A0        _P3_BITS 000B0        _IE_BITS 000A8  
     _ACC_BITS 000E0        _IP_BITS 000B8           f1410 00005  
         f1411 00015           f1420 00019           f1412 00000  
         f1421 00079           f1422 00000           _ACC0 000E0  
         _ACC1 000E1           _ACC2 000E2           _ACC3 000E3  
         _ACC4 000E4           _ACC5 000E5           _ACC6 000E6  
         _ACC7 000E7  stack_internal 00001           _INT0 000B2  
         _INT1 000B3           _PCON 00087           _SCON 00098  
         _SBUF 00099           _TCON 00088           _TMOD 00089  
         _main 00017           _tput 00003       _PSW_BITS 000D0  
    _PCON_BITS 00087      _SCON_BITS 00098      _TCON_BITS 00088  
      str_copy 00091      _TMOD_BITS 00089  
