

HI-TECH Software 8051 Macro Assembler V9.60                                Page 1
                                                       Tue May 17 01:35:18 2022

     1                           	psect	idata,class=DATA,space=1,limit=0100h
     2                           	psect	irdata,class=DATA,limit=0100h
     3                           	global	_imp
     4                           	signat	_imp,4216
     5                           	global	stack_internal
     6                           	psect	text,class=CODE
     7                           	psect	text
     8                           	file	"C:\Users\79041\Desktop\1288~1\71BA6~1\pr7
                                 1\17831~1\main.c"
     9                           	line	7
    10  00003                     _imp:
    11  00003  80 2A              	j	f1601
    12  00005                     f1600:
    13                           ;main.c: 6: void imp(unsigned int cnt)
    14                           
    15                           ;main.c: 7: {
    16                           
    17                           ;main.c: 9: do{
    18                           
    19                           ;	var   _cnt assigned to ?a_imp+0
    20                           ;_cnt stored from WR2
    21                           	line	9
    22  00005  8C 22              	mov	?a_imp+0,r4
    23  00007  8D 23              	mov	?a_imp+0+1,r5
    24  00009                     l5:
    25                           ;main.c: 10: if (cnt != 0){cnt--; P10 = 0;}
    26                           
    27                           	line	10
    28  00009  E5 23              	mov	a,?a_imp+0+1
    29  0000B  45 22              	orl	a,?a_imp+0
    30  0000D  60 02              	bz	u11
    31  0000F  80 02              	jmp	u10
    32  00011                     u11:
    33  00011  80 10              	jmp	l6
    34  00013                     u10:
    35  00013  E5 23              	mov	a,?a_imp+0+1
    36  00015  24 FF              	add	a,#low (-01h)
    37  00017  F5 23              	mov	?a_imp+0+1,a
    38  00019  E5 22              	mov	a,?a_imp+0
    39  0001B  34 FF              	addc	a,#high (-01h)
    40  0001D  F5 22              	mov	?a_imp+0,a
    41  0001F  C2 90              	clr	p1.0
    42  00021  80 02              	jmp	l7
    43                           	line	11
    44  00023                     l6:
    45                           ;main.c: 11: else {P10 = 1;}
    46                           
    47  00023  D2 90              	setb	p1.0
    48  00025                     l7:
    49                           ;main.c: 13: }while(TF2 == 0);
    50                           
    51                           	line	13
    52  00025  30 CF 02           	bnb	t2con.7, u21
    53  00028  80 02              	jmp	u20
    54  0002A                     u21:
    55  0002A  80 DD              	jmp	l5
    56  0002C                     u20:
    57  0002C                     l4:
    58                           ;main.c: 14: TF2 = 0;
    59                           
    60                           	line	14
    61  0002C  C2 CF              	clr	t2con.7
    62                           ;main.c: 15: }
    63                           
    64                           	line	15
    65  0002E                     l2:
    66  0002E  22                 	ret
    67  0002F                     f1601:
    68  0002F  80 D4              	j	f1600
    69                           	FNSIZE	_imp,2,0
    70                           	global	?a_imp
    71  0000                     f1602	equ	0
    72                           	global	_main
    73                           	signat	_main,88
    74                           	line	18
    75  00031                     _main:
    76  00031  80 51              	j	f1611
    77  00033                     f1610:
    78                           ;main.c: 17: void main()
    79                           
    80                           ;main.c: 18: {
    81                           
    82                           ;main.c: 19: flag = 0;
    83                           
    84                           	global	_flag
    85                           	line	19
    86  00033  E4                 	clr	a
    87  00034  F5 20              	mov	_flag,a
    88  00036  F5 21              	mov	_flag+1,a
    89                           ;main.c: 20: P1 = 0xFE;
    90                           
    91                           	line	20
    92  00038  75 90 FE           	mov	090h,#254
    93                           ;main.c: 21: RCAP2H = 0xFF;
    94                           
    95                           	line	21
    96  0003B  75 CB FF           	mov	0CBh,#255
    97                           ;main.c: 22: RCAP2L = 0xCA;
    98                           
    99                           	line	22
   100  0003E  75 CA CA           	mov	0CAh,#202
   101                           ;main.c: 23: T2CON &= 0xFC;
   102                           
   103                           	line	23
   104  00041  53 C8 FC           	anl	0C8h,#-4
   105                           ;main.c: 24: ET2 = 1;
   106                           
   107                           	line	24
   108  00044  D2 AD              	setb	ie.5
   109                           ;main.c: 25: EA = 1;
   110                           
   111                           	line	25
   112  00046  D2 AF              	setb	ie.7
   113                           ;main.c: 26: T2CON |= 0x4;
   114                           
   115                           	line	26
   116  00048  D2 CA              	setb	t2con.2
   117                           ;main.c: 27: while(1)
   118                           
   119                           	line	27
   120  0004A                     l10:
   121                           ;main.c: 28: {
   122                           
   123                           ;main.c: 29: if(P36 == 1){ flag = 1;}
   124                           
   125                           	line	29
   126  0004A  30 B6 02           	bnb	p3.6, u31
   127  0004D  80 02              	jmp	u30
   128  0004F                     u31:
   129  0004F  80 06              	jmp	l12
   130  00051                     u30:
   131  00051  75 20  00          	mov	_flag,#high(1)
   132  00054  75 21  01          	mov	_flag+1,#low(1)
   133  00057                     l12:
   134                           ;main.c: 30: if(P37 == 1){ flag = 0;}
   135                           
   136                           	line	30
   137  00057  30 B7 02           	bnb	p3.7, u41
   138  0005A  80 02              	jmp	u40
   139  0005C                     u41:
   140  0005C  80 05              	jmp	l13
   141  0005E                     u40:
   142  0005E  E4                 	clr	a
   143  0005F  F5 20              	mov	_flag,a
   144  00061  F5 21              	mov	_flag+1,a
   145  00063                     l13:
   146                           ;main.c: 31: if (flag == 1){ imp(35);}
   147                           
   148                           	line	31
   149  00063  E5 21              	mov	a,_flag+1
   150  00065  B4 01 07           	cbne	a,#low (1),u51
   151  00068  E5 20              	mov	a,_flag
   152  0006A  B4 00 02           	cbne	a,#high (1),u51
   153  0006D  80 02              	jmp	u50
   154  0006F                     u51:
   155  0006F  80 09              	jmp	l14
   156  00071                     u50:
   157                           	FNCALL	_main,_imp
   158  00071  7C 00              	mov	r4,#high (35)
   159  00073  7D 23              	mov	r5,#low (35)
   160  00075  12 0003            	lcall	_imp
   161                           
   162  00078  80 07              	jmp	l15
   163                           	line	32
   164  0007A                     l14:
   165                           ;main.c: 32: else imp(75);
   166                           
   167  0007A  7C 00              	mov	r4,#high (75)
   168  0007C  7D 4B              	mov	r5,#low (75)
   169  0007E  12 0003            	lcall	_imp
   170                           
   171  00081                     l15:
   172                           	line	34
   173  00081                     l9:
   174                           	line	27
   175  00081  80 C7              	jmp	l10
   176  00083                     l11:
   177                           ;main.c: 34: }
   178                           
   179                           ;main.c: 35: }
   180                           
   181                           	line	35
   182  00083                     l8:
   183  00083  22                 	ret
   184  00084                     f1611:
   185  00084  80 AD              	j	f1610
   186  0000                     f1612	equ	0
   187  0000                     _A10	equ	162
   188  0000                     _A11	equ	163
   189  0000                     _A12	equ	164
   190  0000                     _A13	equ	165
   191  0000                     _A14	equ	166
   192  0000                     _A15	equ	167
   193  0000                     _A8	equ	160
   194  0000                     _A9	equ	161
   195  0000                     _AC	equ	214
   196  0000                     _ACC0	equ	224
   197  0000                     _ACC1	equ	225
   198  0000                     _ACC2	equ	226
   199  0000                     _ACC3	equ	227
   200  0000                     _ACC4	equ	228
   201  0000                     _ACC5	equ	229
   202  0000                     _ACC6	equ	230
   203  0000                     _ACC7	equ	231
   204  0000                     _AD0	equ	128
   205  0000                     _AD1	equ	129
   206  0000                     _AD2	equ	130
   207  0000                     _AD3	equ	131
   208  0000                     _AD4	equ	132
   209  0000                     _AD5	equ	133
   210  0000                     _AD6	equ	134
   211  0000                     _AD7	equ	135
   212  0000                     _B0	equ	240
   213  0000                     _B1	equ	241
   214  0000                     _B2	equ	242
   215  0000                     _B3	equ	243
   216  0000                     _B4	equ	244
   217  0000                     _B5	equ	245
   218  0000                     _B6	equ	246
   219  0000                     _B7	equ	247
   220  0000                     _CPRL2	equ	200
   221  0000                     _CT2	equ	201
   222  0000                     _CY	equ	215
   223  0000                     _EA	equ	175
   224  0000                     _ES	equ	172
   225  0000                     _ET0	equ	169
   226  0000                     _ET1	equ	171
   227  0000                     _ET2	equ	173
   228  0000                     _EX0	equ	168
   229  0000                     _EX1	equ	170
   230  0000                     _EXEN2	equ	203
   231  0000                     _EXF2	equ	206
   232  0000                     _F0	equ	213
   233  0000                     _IE0	equ	137
   234  0000                     _IE1	equ	139
   235  0000                     _INT0	equ	178
   236  0000                     _INT1	equ	179
   237  0000                     _IT0	equ	136
   238  0000                     _IT1	equ	138
   239  0000                     _OV	equ	210
   240  0000                     _P	equ	208
   241  0000                     _P00	equ	128
   242  0000                     _P01	equ	129
   243  0000                     _P02	equ	130
   244  0000                     _P03	equ	131
   245  0000                     _P04	equ	132
   246  0000                     _P05	equ	133
   247  0000                     _P06	equ	134
   248  0000                     _P07	equ	135
   249  0000                     _P10	equ	144
   250  0000                     _P11	equ	145
   251  0000                     _P12	equ	146
   252  0000                     _P13	equ	147
   253  0000                     _P14	equ	148
   254  0000                     _P15	equ	149
   255  0000                     _P16	equ	150
   256  0000                     _P17	equ	151
   257  0000                     _P20	equ	160
   258  0000                     _P21	equ	161
   259  0000                     _P22	equ	162
   260  0000                     _P23	equ	163
   261  0000                     _P24	equ	164
   262  0000                     _P25	equ	165
   263  0000                     _P26	equ	166
   264  0000                     _P27	equ	167
   265  0000                     _P30	equ	176
   266  0000                     _P31	equ	177
   267  0000                     _P32	equ	178
   268  0000                     _P33	equ	179
   269  0000                     _P34	equ	180
   270  0000                     _P35	equ	181
   271  0000                     _P36	equ	182
   272  0000                     _P37	equ	183
   273  0000                     _PS	equ	188
   274  0000                     _PT0	equ	185
   275  0000                     _PT1	equ	187
   276  0000                     _PT2	equ	189
   277  0000                     _PX0	equ	184
   278  0000                     _PX1	equ	186
   279  0000                     _RB8	equ	154
   280  0000                     _RCLK	equ	205
   281  0000                     _RD	equ	183
   282  0000                     _REN	equ	156
   283  0000                     _RI	equ	152
   284  0000                     _RS0	equ	211
   285  0000                     _RS1	equ	212
   286  0000                     _RXD	equ	176
   287  0000                     _SM0	equ	159
   288  0000                     _SM1	equ	158
   289  0000                     _SM2	equ	157
   290  0000                     _T0	equ	180
   291  0000                     _T1	equ	181
   292  0000                     _T2	equ	144
   293  0000                     _T2EX	equ	145
   294  0000                     _TB8	equ	155
   295  0000                     _TCLK	equ	204
   296  0000                     _TF0	equ	141
   297  0000                     _TF1	equ	143
   298  0000                     _TF2	equ	207
   299  0000                     _TI	equ	153
   300  0000                     _TR0	equ	140
   301  0000                     _TR1	equ	142
   302  0000                     _TR2	equ	202
   303  0000                     _TXD	equ	177
   304  0000                     _WR	equ	182
   305  0000                     _ACC	equ	224
   306  0000                     _B	equ	240
   307  0000                     _DPH	equ	131
   308  0000                     _DPL	equ	130
   309  0000                     _IE	equ	168
   310  0000                     _IP	equ	184
   311  0000                     _P0	equ	128
   312  0000                     _P1	equ	144
   313  0000                     _P2	equ	160
   314  0000                     _P3	equ	176
   315  0000                     _PCON	equ	135
   316  0000                     _PSW	equ	208
   317  0000                     _RCAP2H	equ	203
   318  0000                     _RCAP2L	equ	202
   319  0000                     _SBUF	equ	153
   320  0000                     _SCON	equ	152
   321  0000                     _SP	equ	129
   322  0000                     _T2CON	equ	200
   323  0000                     _TCON	equ	136
   324  0000                     _TH0	equ	140
   325  0000                     _TH1	equ	141
   326  0000                     _TH2	equ	205
   327  0000                     _TL0	equ	138
   328  0000                     _TL1	equ	139
   329  0000                     _TL2	equ	204
   330  0000                     _TMOD	equ	137
   331  0000                     _ACC_BITS	equ	224
   332  0000                     _B_BITS	equ	240
   333  0000                     _IE_BITS	equ	168
   334  0000                     _IP_BITS	equ	184
   335  0000                     _P0_BITS	equ	128
   336  0000                     _P1_BITS	equ	144
   337  0000                     _P2_BITS	equ	160
   338  0000                     _P3_BITS	equ	176
   339  0000                     _PCON_BITS	equ	135
   340  0000                     _PSW_BITS	equ	208
   341  0000                     _SCON_BITS	equ	152
   342  0000                     _T2CON_BITS	equ	200
   343  0000                     _TCON_BITS	equ	136
   344  0000                     _TMOD_BITS	equ	137
   345                           	psect	rbss,class=DATA,space=1
   346                           	psect	rbss
   347                           	global	_flag
   348  00020                     _flag:
   349  00020                     	ds	2


HI-TECH Software 8051 Macro Assembler V9.60                                Page 2
Symbol Table                                           Tue May 17 01:35:18 2022

            _B 000F0              l2 0002E              l4 0002C  
            l5 00009              _P 000D0              l6 00023  
            l7 00025              l8 00083              l9 00081  
           _B0 000F0             _B1 000F1             _B2 000F2  
           _B3 000F3             _B4 000F4             _B5 000F5  
           _B6 000F6             _A8 000A0             _B7 000F7  
           _A9 000A1             _F0 000D5             _AC 000D6  
           l10 0004A             l11 00083             l12 00057  
           l13 00063             l14 0007A             _EA 000AF  
           l15 00081             _P0 00080             _P1 00090  
           _P2 000A0             _P3 000B0             _IE 000A8  
           _T0 000B4             _T1 000B5             _T2 00090  
           _ES 000AC             _CY 000D7             _IP 000B8  
           _RD 000B7             u10 00013             u11 00011  
           u20 0002C             _RI 00098             u21 0002A  
           u30 00051             u31 0004F             u40 0005E  
           _TI 00099             u41 0005C             u50 00071  
           _PS 000BC             u51 0006F             _OV 000D2  
           _SP 00081             _WR 000B6         _B_BITS 000F0  
       _RCAP2H 000CB         _RCAP2L 000CA            _A10 000A2  
          _A11 000A3            _A12 000A4            _A13 000A5  
          _A14 000A6            _A15 000A7            _AD0 00080  
          _AD1 00081            _AD2 00082            _AD3 00083  
          _AD4 00084            _AD5 00085            _AD6 00086  
          _AD7 00087            _ACC 000E0            _P00 00080  
          _P01 00081            _P10 00090            _P02 00082  
          _P11 00091            _P03 00083            _P20 000A0  
          _P12 00092            _P04 00084            _P21 000A1  
          _P13 00093            _P05 00085            _P30 000B0  
          _P22 000A2            _P14 00094            _P06 00086  
          _P31 000B1            _P23 000A3            _P15 00095  
          _P07 00087            _P32 000B2            _P24 000A4  
          _P16 00096            _P33 000B3            _P25 000A5  
          _P17 00097            _P34 000B4            _P26 000A6  
          _P35 000B5            _P27 000A7            _P36 000B6  
          _P37 000B7            _IE0 00089            _IE1 0008B  
          _CT2 000C9            _ET0 000A9            _ET1 000AB  
          _ET2 000AD            _EX0 000A8            _EX1 000AA  
          _DPH 00083            _DPL 00082            _IT0 00088  
          _IT1 0008A            _RB8 0009A            _TF0 0008D  
          _TB8 0009B            _TF1 0008F            _TF2 000CF  
          _TH0 0008C            _TH1 0008D            _TH2 000CD  
          _SM0 0009F            _SM1 0009E            _TL0 0008A  
          _SM2 0009D            _PT0 000B9            _TL1 0008B  
          _PT1 000BB            _TL2 000CC            _PT2 000BD  
          _RS0 000D3            _RS1 000D4            _REN 0009C  
          _PX0 000B8            _PX1 000BA            _TR0 0008C  
          _TR1 0008E            _TR2 000CA            _RXD 000B0  
          _PSW 000D0            _TXD 000B1        _P0_BITS 00080  
      _P1_BITS 00090        _P2_BITS 000A0        _P3_BITS 000B0  
          _imp 00003        _IE_BITS 000A8       _ACC_BITS 000E0  
   _T2CON_BITS 000C8        _IP_BITS 000B8           f1600 00005  
         f1601 0002F           f1610 00033           f1602 00000  
         f1611 00084           f1612 00000           _ACC0 000E0  
         _ACC1 000E1           _ACC2 000E2           _ACC3 000E3  
         _ACC4 000E4           _ACC5 000E5           _ACC6 000E6  
         _ACC7 000E7  stack_internal 00001           _EXF2 000CE  
         _T2EX 00091           _INT0 000B2           _INT1 000B3  
         _PCON 00087           _RCLK 000CD           _TCLK 000CC  
         _SCON 00098           _SBUF 00099           _TCON 00088  
         _TMOD 00089           _flag 00020           _main 00031  
        ?a_imp 00022       _PSW_BITS 000D0          _CPRL2 000C8  
        _T2CON 000C8          _EXEN2 000CB      _PCON_BITS 00087  
    _SCON_BITS 00098      _TCON_BITS 00088      _TMOD_BITS 00089  
